Traceback (most recent call last):
  File "/usr/share/miniconda/lib/python3.7/site-packages/jupyter_cache/executors/utils.py", line 56, in single_nb_execution
    record_timing=False,
  File "/usr/share/miniconda/lib/python3.7/site-packages/nbclient/client.py", line 1087, in execute
    return NotebookClient(nb=nb, resources=resources, km=km, **kwargs).execute()
  File "/usr/share/miniconda/lib/python3.7/site-packages/nbclient/util.py", line 74, in wrapped
    return just_run(coro(*args, **kwargs))
  File "/usr/share/miniconda/lib/python3.7/site-packages/nbclient/util.py", line 53, in just_run
    return loop.run_until_complete(coro)
  File "/usr/share/miniconda/lib/python3.7/asyncio/base_events.py", line 587, in run_until_complete
    return future.result()
  File "/usr/share/miniconda/lib/python3.7/site-packages/nbclient/client.py", line 541, in async_execute
    cell, index, execution_count=self.code_cells_executed + 1
  File "/usr/share/miniconda/lib/python3.7/site-packages/nbclient/client.py", line 832, in async_execute_cell
    self._check_raise_for_error(cell, exec_reply)
  File "/usr/share/miniconda/lib/python3.7/site-packages/nbclient/client.py", line 740, in _check_raise_for_error
    raise CellExecutionError.from_cell_and_msg(cell, exec_reply['content'])
nbclient.exceptions.CellExecutionError: An error occurred while executing the following cell:
------------------
myUI.run_segmentation()
------------------

[0;31m---------------------------------------------------------------------------[0m
[0;31mFileNotFoundError[0m                         Traceback (most recent call last)
[0;32m<ipython-input-8-c5dcfd9178be>[0m in [0;36m<module>[0;34m[0m
[0;32m----> 1[0;31m [0mmyUI[0m[0;34m.[0m[0mrun_segmentation[0m[0;34m([0m[0;34m)[0m[0;34m[0m[0;34m[0m[0m
[0m
[0;32m/usr/share/miniconda/lib/python3.7/site-packages/morphodynamics/morpho_segmentation.py[0m in [0;36mrun_segmentation[0;34m(self, b)[0m
[1;32m    383[0m             [0mself[0m[0;34m.[0m[0mparam[0m[0;34m,[0m[0;34m[0m[0;34m[0m[0m
[1;32m    384[0m             [0mself[0m[0;34m.[0m[0mclient[0m[0;34m,[0m[0;34m[0m[0;34m[0m[0m
[0;32m--> 385[0;31m             [0mskip_segtrack[0m[0;34m=[0m[0mself[0m[0;34m.[0m[0mskip_trackseg[0m[0;34m,[0m[0;34m[0m[0;34m[0m[0m
[0m[1;32m    386[0m         )
[1;32m    387[0m         [0mself[0m[0;34m.[0m[0mshow_segmentation[0m[0;34m([0m[0mchange[0m[0;34m=[0m[0;34m"init"[0m[0;34m)[0m[0;34m[0m[0;34m[0m[0m

[0;32m/usr/share/miniconda/lib/python3.7/site-packages/morphodynamics/analysis_par.py[0m in [0;36manalyze_morphodynamics[0;34m(data, param, client, only_seg, keep_seg, skip_segtrack)[0m
[1;32m     97[0m [0;34m[0m[0m
[1;32m     98[0m     [0;31m# create windows[0m[0;34m[0m[0;34m[0m[0;34m[0m[0m
[0;32m---> 99[0;31m     [0mwindowing_all[0m[0;34m([0m[0ms_all[0m[0;34m,[0m [0mres[0m[0;34m.[0m[0morig[0m[0;34m,[0m [0mparam[0m[0;34m,[0m [0mJ[0m[0;34m,[0m [0mI[0m[0;34m,[0m [0mclient[0m[0;34m)[0m[0;34m[0m[0;34m[0m[0m
[0m[1;32m    100[0m [0;34m[0m[0m
[1;32m    101[0m     [0;31m# define windows for each frame and compute pairs of corresponding[0m[0;34m[0m[0;34m[0m[0;34m[0m[0m

[0;32m/usr/share/miniconda/lib/python3.7/site-packages/morphodynamics/analysis_par.py[0m in [0;36mwindowing_all[0;34m(s_all, ori_all, param, J, I, client)[0m
[1;32m    357[0m     ]
[1;32m    358[0m     [0;32mfor[0m [0mk[0m [0;32min[0m [0mtqdm[0m[0;34m([0m[0mrange[0m[0;34m([0m[0mlen[0m[0;34m([0m[0ms_all[0m[0;34m)[0m[0;34m)[0m[0;34m,[0m [0;34m"frames compute windows"[0m[0;34m)[0m[0;34m:[0m[0;34m[0m[0;34m[0m[0m
[0;32m--> 359[0;31m         [0mcompute_windows[0m[0;34m[[0m[0mk[0m[0;34m][0m[0;34m.[0m[0mresult[0m[0;34m([0m[0;34m)[0m[0;34m[0m[0;34m[0m[0m
[0m[1;32m    360[0m         [0mcompute_windows[0m[0;34m[[0m[0mk[0m[0;34m][0m[0;34m.[0m[0mcancel[0m[0;34m([0m[0;34m)[0m[0;34m[0m[0;34m[0m[0m
[1;32m    361[0m [0;34m[0m[0m

[0;32m/usr/share/miniconda/lib/python3.7/site-packages/distributed/client.py[0m in [0;36mresult[0;34m(self, timeout)[0m
[1;32m    223[0m         [0;32mif[0m [0mself[0m[0;34m.[0m[0mstatus[0m [0;34m==[0m [0;34m"error"[0m[0;34m:[0m[0;34m[0m[0;34m[0m[0m
[1;32m    224[0m             [0mtyp[0m[0;34m,[0m [0mexc[0m[0;34m,[0m [0mtb[0m [0;34m=[0m [0mresult[0m[0;34m[0m[0;34m[0m[0m
[0;32m--> 225[0;31m             [0;32mraise[0m [0mexc[0m[0;34m.[0m[0mwith_traceback[0m[0;34m([0m[0mtb[0m[0;34m)[0m[0;34m[0m[0;34m[0m[0m
[0m[1;32m    226[0m         [0;32melif[0m [0mself[0m[0;34m.[0m[0mstatus[0m [0;34m==[0m [0;34m"cancelled"[0m[0;34m:[0m[0;34m[0m[0;34m[0m[0m
[1;32m    227[0m             [0;32mraise[0m [0mresult[0m[0;34m[0m[0;34m[0m[0m

[0;32m/usr/share/miniconda/lib/python3.7/site-packages/morphodynamics/analysis_par.py[0m in [0;36mwindowing[0;34m()[0m
[1;32m    322[0m     [0mname2[0m [0;34m=[0m [0mos[0m[0;34m.[0m[0mpath[0m[0;34m.[0m[0mjoin[0m[0;34m([0m[0msave_path[0m[0;34m,[0m [0;34m"window_image_k_"[0m [0;34m+[0m [0mstr[0m[0;34m([0m[0mk_iter[0m[0;34m)[0m [0;34m+[0m [0;34m".tif"[0m[0;34m)[0m[0;34m[0m[0;34m[0m[0m
[1;32m    323[0m [0;34m[0m[0m
[0;32m--> 324[0;31m     [0mc[0m [0;34m=[0m [0mutils[0m[0;34m.[0m[0mload_rasterized[0m[0;34m([0m[0msave_path[0m[0;34m,[0m [0mk_iter[0m[0;34m)[0m[0;34m[0m[0;34m[0m[0m
[0m[1;32m    325[0m     [0mw[0m[0;34m,[0m [0m_[0m[0;34m,[0m [0m_[0m [0;34m=[0m [0mcreate_windows[0m[0;34m([0m[0mc[0m[0;34m,[0m [0msplevper[0m[0;34m([0m[0mori[0m[0;34m,[0m [0ms[0m[0;34m)[0m[0;34m,[0m [0mJ[0m[0;34m,[0m [0mI[0m[0;34m)[0m[0;34m[0m[0;34m[0m[0m
[1;32m    326[0m [0;34m[0m[0m

[0;32m/usr/share/miniconda/lib/python3.7/site-packages/morphodynamics/utils.py[0m in [0;36mload_rasterized[0;34m()[0m
[1;32m    127[0m [0;34m[0m[0m
[1;32m    128[0m     image = skimage.io.imread(
[0;32m--> 129[0;31m             [0mos[0m[0;34m.[0m[0mpath[0m[0;34m.[0m[0mjoin[0m[0;34m([0m[0mlocation[0m[0;34m,[0m [0;34m"rasterized_k_"[0m [0;34m+[0m [0mstr[0m[0;34m([0m[0mframe[0m[0;34m)[0m [0;34m+[0m [0;34m".tif"[0m[0;34m)[0m[0;34m[0m[0;34m[0m[0m
[0m[1;32m    130[0m         )
[1;32m    131[0m [0;34m[0m[0m

[0;32m/usr/share/miniconda/lib/python3.7/site-packages/skimage/io/_io.py[0m in [0;36mimread[0;34m()[0m
[1;32m     46[0m [0;34m[0m[0m
[1;32m     47[0m     [0;32mwith[0m [0mfile_or_url_context[0m[0;34m([0m[0mfname[0m[0;34m)[0m [0;32mas[0m [0mfname[0m[0;34m:[0m[0;34m[0m[0;34m[0m[0m
[0;32m---> 48[0;31m         [0mimg[0m [0;34m=[0m [0mcall_plugin[0m[0;34m([0m[0;34m'imread'[0m[0;34m,[0m [0mfname[0m[0;34m,[0m [0mplugin[0m[0;34m=[0m[0mplugin[0m[0;34m,[0m [0;34m**[0m[0mplugin_args[0m[0;34m)[0m[0;34m[0m[0;34m[0m[0m
[0m[1;32m     49[0m [0;34m[0m[0m
[1;32m     50[0m     [0;32mif[0m [0;32mnot[0m [0mhasattr[0m[0;34m([0m[0mimg[0m[0;34m,[0m [0;34m'ndim'[0m[0;34m)[0m[0;34m:[0m[0;34m[0m[0;34m[0m[0m

[0;32m/usr/share/miniconda/lib/python3.7/site-packages/skimage/io/manage_plugins.py[0m in [0;36mcall_plugin[0;34m()[0m
[1;32m    207[0m                                (plugin, kind))
[1;32m    208[0m [0;34m[0m[0m
[0;32m--> 209[0;31m     [0;32mreturn[0m [0mfunc[0m[0;34m([0m[0;34m*[0m[0margs[0m[0;34m,[0m [0;34m**[0m[0mkwargs[0m[0;34m)[0m[0;34m[0m[0;34m[0m[0m
[0m[1;32m    210[0m [0;34m[0m[0m
[1;32m    211[0m [0;34m[0m[0m

[0;32m/usr/share/miniconda/lib/python3.7/site-packages/skimage/io/_plugins/tifffile_plugin.py[0m in [0;36mimread[0;34m()[0m
[1;32m     34[0m [0;34m[0m[0m
[1;32m     35[0m     [0;31m# read and return tiff as numpy array[0m[0;34m[0m[0;34m[0m[0;34m[0m[0m
[0;32m---> 36[0;31m     [0;32mwith[0m [0mTiffFile[0m[0;34m([0m[0mfname[0m[0;34m,[0m [0;34m**[0m[0mkwargs_tiff[0m[0;34m)[0m [0;32mas[0m [0mtif[0m[0;34m:[0m[0;34m[0m[0;34m[0m[0m
[0m[1;32m     37[0m         [0;32mreturn[0m [0mtif[0m[0;34m.[0m[0masarray[0m[0;34m([0m[0;34m**[0m[0mkwargs[0m[0;34m)[0m[0;34m[0m[0;34m[0m[0m

[0;32m/usr/share/miniconda/lib/python3.7/site-packages/tifffile/tifffile.py[0m in [0;36m__init__[0;34m()[0m
[1;32m   2792[0m                     [0;32mraise[0m [0mTypeError[0m[0;34m([0m[0;34mf'unexpected keyword argument: {key}'[0m[0;34m)[0m[0;34m[0m[0;34m[0m[0m
[1;32m   2793[0m [0;34m[0m[0m
[0;32m-> 2794[0;31m         [0mfh[0m [0;34m=[0m [0mFileHandle[0m[0;34m([0m[0marg[0m[0;34m,[0m [0mmode[0m[0;34m=[0m[0mmode[0m[0;34m,[0m [0mname[0m[0;34m=[0m[0mname[0m[0;34m,[0m [0moffset[0m[0;34m=[0m[0moffset[0m[0;34m,[0m [0msize[0m[0;34m=[0m[0msize[0m[0;34m)[0m[0;34m[0m[0;34m[0m[0m
[0m[1;32m   2795[0m         [0mself[0m[0;34m.[0m[0m_fh[0m [0;34m=[0m [0mfh[0m[0;34m[0m[0;34m[0m[0m
[1;32m   2796[0m         [0mself[0m[0;34m.[0m[0m_multifile[0m [0;34m=[0m [0mbool[0m[0;34m([0m[0m_multifile[0m[0;34m)[0m[0;34m[0m[0;34m[0m[0m

[0;32m/usr/share/miniconda/lib/python3.7/site-packages/tifffile/tifffile.py[0m in [0;36m__init__[0;34m()[0m
[1;32m   8295[0m         [0mself[0m[0;34m.[0m[0mis_file[0m [0;34m=[0m [0;32mNone[0m[0;34m[0m[0;34m[0m[0m
[1;32m   8296[0m         [0mself[0m[0;34m.[0m[0m_lock[0m [0;34m=[0m [0mNullContext[0m[0;34m([0m[0;34m)[0m[0;34m[0m[0;34m[0m[0m
[0;32m-> 8297[0;31m         [0mself[0m[0;34m.[0m[0mopen[0m[0;34m([0m[0;34m)[0m[0;34m[0m[0;34m[0m[0m
[0m[1;32m   8298[0m [0;34m[0m[0m
[1;32m   8299[0m     [0;32mdef[0m [0mopen[0m[0;34m([0m[0mself[0m[0;34m)[0m[0;34m:[0m[0;34m[0m[0;34m[0m[0m

[0;32m/usr/share/miniconda/lib/python3.7/site-packages/tifffile/tifffile.py[0m in [0;36mopen[0;34m()[0m
[1;32m   8308[0m             [0mself[0m[0;34m.[0m[0m_file[0m [0;34m=[0m [0mos[0m[0;34m.[0m[0mpath[0m[0;34m.[0m[0mrealpath[0m[0;34m([0m[0mself[0m[0;34m.[0m[0m_file[0m[0;34m)[0m[0;34m[0m[0;34m[0m[0m
[1;32m   8309[0m             [0mself[0m[0;34m.[0m[0m_dir[0m[0;34m,[0m [0mself[0m[0;34m.[0m[0m_name[0m [0;34m=[0m [0mos[0m[0;34m.[0m[0mpath[0m[0;34m.[0m[0msplit[0m[0;34m([0m[0mself[0m[0;34m.[0m[0m_file[0m[0;34m)[0m[0;34m[0m[0;34m[0m[0m
[0;32m-> 8310[0;31m             [0mself[0m[0;34m.[0m[0m_fh[0m [0;34m=[0m [0mopen[0m[0;34m([0m[0mself[0m[0;34m.[0m[0m_file[0m[0;34m,[0m [0mself[0m[0;34m.[0m[0m_mode[0m[0;34m)[0m[0;34m[0m[0;34m[0m[0m
[0m[1;32m   8311[0m             [0mself[0m[0;34m.[0m[0m_close[0m [0;34m=[0m [0;32mTrue[0m[0;34m[0m[0;34m[0m[0m
[1;32m   8312[0m             [0;32mif[0m [0mself[0m[0;34m.[0m[0m_offset[0m [0;32mis[0m [0;32mNone[0m[0;34m:[0m[0;34m[0m[0;34m[0m[0m

[0;31mFileNotFoundError[0m: [Errno 2] No such file or directory: '/home/runner/work/MorphoDynamics/MorphoDynamics/synthetic/data/Results_step/segmented/rasterized_k_0.tif'
FileNotFoundError: [Errno 2] No such file or directory: '/home/runner/work/MorphoDynamics/MorphoDynamics/synthetic/data/Results_step/segmented/rasterized_k_0.tif'

