Traceback (most recent call last):
  File "/usr/share/miniconda/lib/python3.7/site-packages/jupyter_cache/executors/utils.py", line 56, in single_nb_execution
    record_timing=False,
  File "/usr/share/miniconda/lib/python3.7/site-packages/nbclient/client.py", line 1087, in execute
    return NotebookClient(nb=nb, resources=resources, km=km, **kwargs).execute()
  File "/usr/share/miniconda/lib/python3.7/site-packages/nbclient/util.py", line 74, in wrapped
    return just_run(coro(*args, **kwargs))
  File "/usr/share/miniconda/lib/python3.7/site-packages/nbclient/util.py", line 53, in just_run
    return loop.run_until_complete(coro)
  File "/usr/share/miniconda/lib/python3.7/asyncio/base_events.py", line 587, in run_until_complete
    return future.result()
  File "/usr/share/miniconda/lib/python3.7/site-packages/nbclient/client.py", line 541, in async_execute
    cell, index, execution_count=self.code_cells_executed + 1
  File "/usr/share/miniconda/lib/python3.7/site-packages/nbclient/client.py", line 832, in async_execute_cell
    self._check_raise_for_error(cell, exec_reply)
  File "/usr/share/miniconda/lib/python3.7/site-packages/nbclient/client.py", line 740, in _check_raise_for_error
    raise CellExecutionError.from_cell_and_msg(cell, exec_reply['content'])
nbclient.exceptions.CellExecutionError: An error occurred while executing the following cell:
------------------
from morphodynamics.analysis_par import window_map_all, window_map_and_save
# define windows for each frame and compute pairs of corresponding
# points on successive splines for displacement measurement
t_all, t0_all = window_map_all(
    s_all,
    s0prm_all,
    J,
    I,
    res.orig,
    param.n_curve,
    data.shape,
    param,
    client
)
------------------

[0;31m---------------------------------------------------------------------------[0m
[0;31mImportError[0m                               Traceback (most recent call last)
[0;32m<ipython-input-20-0c384dc813be>[0m in [0;36m<module>[0;34m[0m
[0;32m----> 1[0;31m [0;32mfrom[0m [0mmorphodynamics[0m[0;34m.[0m[0manalysis_par[0m [0;32mimport[0m [0mwindow_map_all[0m[0;34m,[0m [0mwindow_map_and_save[0m[0;34m[0m[0;34m[0m[0m
[0m[1;32m      2[0m [0;31m# define windows for each frame and compute pairs of corresponding[0m[0;34m[0m[0;34m[0m[0;34m[0m[0m
[1;32m      3[0m [0;31m# points on successive splines for displacement measurement[0m[0;34m[0m[0;34m[0m[0;34m[0m[0m
[1;32m      4[0m t_all, t0_all = window_map_all(
[1;32m      5[0m     [0ms_all[0m[0;34m,[0m[0;34m[0m[0;34m[0m[0m

[0;31mImportError[0m: cannot import name 'window_map_and_save' from 'morphodynamics.analysis_par' (/usr/share/miniconda/lib/python3.7/site-packages/morphodynamics/analysis_par.py)
ImportError: cannot import name 'window_map_and_save' from 'morphodynamics.analysis_par' (/usr/share/miniconda/lib/python3.7/site-packages/morphodynamics/analysis_par.py)

